2025-12-06 17:04:28 [main] INFO  com.sep3.client.WarehouseClientApp - Launching Warehouse Client
2025-12-06 17:04:28 [JavaFX Application Thread] INFO  com.sep3.client.WarehouseClientApp - Starting Warehouse Client Application
2025-12-06 17:04:28 [JavaFX Application Thread] INFO  com.sep3.client.view.ViewHandler - Opening login view
2025-12-06 17:04:28 [JavaFX Application Thread] DEBUG c.s.client.view.LoginViewController - Login view controller initialized
2025-12-06 17:04:29 [JavaFX Application Thread] INFO  com.sep3.client.WarehouseClientApp - Application started successfully
2025-12-06 17:05:44 [JavaFX Application Thread] DEBUG c.s.client.view.LoginViewController - Login button clicked
2025-12-06 17:05:44 [JavaFX Application Thread] INFO  c.s.client.viewmodel.LoginViewModel - Attempting login for user: admin
2025-12-06 17:05:44 [JavaFX Application Thread] INFO  com.sep3.client.service.AuthService - Attempting login for user: admin
2025-12-06 17:05:44 [JavaFX Application Thread] DEBUG c.s.client.service.HttpClientService - Sending POST request to: http://localhost:8080/api/auth/login
2025-12-06 17:05:45 [ForkJoinPool.commonPool-worker-1] DEBUG c.s.client.service.HttpClientService - Response status: 401
2025-12-06 17:05:45 [ForkJoinPool.commonPool-worker-1] ERROR c.s.client.service.HttpClientService - Request failed: 401 - {"status":401,"message":"Invalid username or password","timestamp":"2025-12-06T17:05:45.2034655"}
2025-12-06 17:05:45 [JavaFX Application Thread] ERROR c.s.client.viewmodel.LoginViewModel - Login failed
java.util.concurrent.CompletionException: java.lang.RuntimeException: Request failed: {"status":401,"message":"Invalid username or password","timestamp":"2025-12-06T17:05:45.2034655"}
	at java.base/java.util.concurrent.CompletableFuture.encodeThrowable(CompletableFuture.java:315)
	at java.base/java.util.concurrent.CompletableFuture.completeThrowable(CompletableFuture.java:320)
	at java.base/java.util.concurrent.CompletableFuture$UniApply.tryFire(CompletableFuture.java:649)
	at java.base/java.util.concurrent.CompletableFuture.postComplete(CompletableFuture.java:510)
	at java.base/java.util.concurrent.CompletableFuture.postFire(CompletableFuture.java:614)
	at java.base/java.util.concurrent.CompletableFuture$UniWhenComplete.tryFire(CompletableFuture.java:844)
	at java.base/java.util.concurrent.CompletableFuture$Completion.exec(CompletableFuture.java:483)
	at java.base/java.util.concurrent.ForkJoinTask.doExec(ForkJoinTask.java:387)
	at java.base/java.util.concurrent.ForkJoinPool$WorkQueue.topLevelExec(ForkJoinPool.java:1310)
	at java.base/java.util.concurrent.ForkJoinPool.scan(ForkJoinPool.java:1841)
	at java.base/java.util.concurrent.ForkJoinPool.runWorker(ForkJoinPool.java:1806)
	at java.base/java.util.concurrent.ForkJoinWorkerThread.run(ForkJoinWorkerThread.java:188)
Caused by: java.lang.RuntimeException: Request failed: {"status":401,"message":"Invalid username or password","timestamp":"2025-12-06T17:05:45.2034655"}
	at com.sep3.client.service.HttpClientService.lambda$sendRequest$2(HttpClientService.java:139)
	at java.base/java.util.concurrent.CompletableFuture$UniApply.tryFire(CompletableFuture.java:646)
	... 9 common frames omitted
2025-12-06 17:06:20 [JavaFX Application Thread] DEBUG c.s.client.view.LoginViewController - Login button clicked
2025-12-06 17:06:20 [JavaFX Application Thread] INFO  c.s.client.viewmodel.LoginViewModel - Attempting login for user: admin
2025-12-06 17:06:20 [JavaFX Application Thread] INFO  com.sep3.client.service.AuthService - Attempting login for user: admin
2025-12-06 17:06:20 [JavaFX Application Thread] DEBUG c.s.client.service.HttpClientService - Sending POST request to: http://localhost:8080/api/auth/login
2025-12-06 17:06:20 [ForkJoinPool.commonPool-worker-1] DEBUG c.s.client.service.HttpClientService - Response status: 401
2025-12-06 17:06:20 [ForkJoinPool.commonPool-worker-1] ERROR c.s.client.service.HttpClientService - Request failed: 401 - {"status":401,"message":"Invalid username or password","timestamp":"2025-12-06T17:06:20.9712276"}
2025-12-06 17:06:20 [JavaFX Application Thread] ERROR c.s.client.viewmodel.LoginViewModel - Login failed
java.util.concurrent.CompletionException: java.lang.RuntimeException: Request failed: {"status":401,"message":"Invalid username or password","timestamp":"2025-12-06T17:06:20.9712276"}
	at java.base/java.util.concurrent.CompletableFuture.encodeThrowable(CompletableFuture.java:315)
	at java.base/java.util.concurrent.CompletableFuture.completeThrowable(CompletableFuture.java:320)
	at java.base/java.util.concurrent.CompletableFuture$UniApply.tryFire(CompletableFuture.java:649)
	at java.base/java.util.concurrent.CompletableFuture.postComplete(CompletableFuture.java:510)
	at java.base/java.util.concurrent.CompletableFuture.postFire(CompletableFuture.java:614)
	at java.base/java.util.concurrent.CompletableFuture$UniWhenComplete.tryFire(CompletableFuture.java:844)
	at java.base/java.util.concurrent.CompletableFuture$Completion.exec(CompletableFuture.java:483)
	at java.base/java.util.concurrent.ForkJoinTask.doExec(ForkJoinTask.java:387)
	at java.base/java.util.concurrent.ForkJoinPool$WorkQueue.topLevelExec(ForkJoinPool.java:1310)
	at java.base/java.util.concurrent.ForkJoinPool.scan(ForkJoinPool.java:1841)
	at java.base/java.util.concurrent.ForkJoinPool.runWorker(ForkJoinPool.java:1806)
	at java.base/java.util.concurrent.ForkJoinWorkerThread.run(ForkJoinWorkerThread.java:188)
Caused by: java.lang.RuntimeException: Request failed: {"status":401,"message":"Invalid username or password","timestamp":"2025-12-06T17:06:20.9712276"}
	at com.sep3.client.service.HttpClientService.lambda$sendRequest$2(HttpClientService.java:139)
	at java.base/java.util.concurrent.CompletableFuture$UniApply.tryFire(CompletableFuture.java:646)
	... 9 common frames omitted
2025-12-06 17:06:21 [JavaFX Application Thread] DEBUG c.s.client.view.LoginViewController - Login button clicked
2025-12-06 17:06:21 [JavaFX Application Thread] INFO  c.s.client.viewmodel.LoginViewModel - Attempting login for user: admin
2025-12-06 17:06:21 [JavaFX Application Thread] INFO  com.sep3.client.service.AuthService - Attempting login for user: admin
2025-12-06 17:06:21 [JavaFX Application Thread] DEBUG c.s.client.service.HttpClientService - Sending POST request to: http://localhost:8080/api/auth/login
2025-12-06 17:06:21 [ForkJoinPool.commonPool-worker-1] DEBUG c.s.client.service.HttpClientService - Response status: 401
2025-12-06 17:06:21 [ForkJoinPool.commonPool-worker-1] ERROR c.s.client.service.HttpClientService - Request failed: 401 - {"status":401,"message":"Invalid username or password","timestamp":"2025-12-06T17:06:21.5770333"}
2025-12-06 17:06:21 [JavaFX Application Thread] ERROR c.s.client.viewmodel.LoginViewModel - Login failed
java.util.concurrent.CompletionException: java.lang.RuntimeException: Request failed: {"status":401,"message":"Invalid username or password","timestamp":"2025-12-06T17:06:21.5770333"}
	at java.base/java.util.concurrent.CompletableFuture.encodeThrowable(CompletableFuture.java:315)
	at java.base/java.util.concurrent.CompletableFuture.completeThrowable(CompletableFuture.java:320)
	at java.base/java.util.concurrent.CompletableFuture$UniApply.tryFire(CompletableFuture.java:649)
	at java.base/java.util.concurrent.CompletableFuture.postComplete(CompletableFuture.java:510)
	at java.base/java.util.concurrent.CompletableFuture.postFire(CompletableFuture.java:614)
	at java.base/java.util.concurrent.CompletableFuture$UniWhenComplete.tryFire(CompletableFuture.java:844)
	at java.base/java.util.concurrent.CompletableFuture$Completion.exec(CompletableFuture.java:483)
	at java.base/java.util.concurrent.ForkJoinTask.doExec(ForkJoinTask.java:387)
	at java.base/java.util.concurrent.ForkJoinPool$WorkQueue.topLevelExec(ForkJoinPool.java:1310)
	at java.base/java.util.concurrent.ForkJoinPool.scan(ForkJoinPool.java:1841)
	at java.base/java.util.concurrent.ForkJoinPool.runWorker(ForkJoinPool.java:1806)
	at java.base/java.util.concurrent.ForkJoinWorkerThread.run(ForkJoinWorkerThread.java:188)
Caused by: java.lang.RuntimeException: Request failed: {"status":401,"message":"Invalid username or password","timestamp":"2025-12-06T17:06:21.5770333"}
	at com.sep3.client.service.HttpClientService.lambda$sendRequest$2(HttpClientService.java:139)
	at java.base/java.util.concurrent.CompletableFuture$UniApply.tryFire(CompletableFuture.java:646)
	... 9 common frames omitted
2025-12-06 17:06:21 [JavaFX Application Thread] DEBUG c.s.client.view.LoginViewController - Login button clicked
2025-12-06 17:06:21 [JavaFX Application Thread] INFO  c.s.client.viewmodel.LoginViewModel - Attempting login for user: admin
2025-12-06 17:06:21 [JavaFX Application Thread] INFO  com.sep3.client.service.AuthService - Attempting login for user: admin
2025-12-06 17:06:21 [JavaFX Application Thread] DEBUG c.s.client.service.HttpClientService - Sending POST request to: http://localhost:8080/api/auth/login
2025-12-06 17:06:21 [ForkJoinPool.commonPool-worker-1] DEBUG c.s.client.service.HttpClientService - Response status: 401
2025-12-06 17:06:21 [ForkJoinPool.commonPool-worker-1] ERROR c.s.client.service.HttpClientService - Request failed: 401 - {"status":401,"message":"Invalid username or password","timestamp":"2025-12-06T17:06:21.8399493"}
2025-12-06 17:06:21 [JavaFX Application Thread] ERROR c.s.client.viewmodel.LoginViewModel - Login failed
java.util.concurrent.CompletionException: java.lang.RuntimeException: Request failed: {"status":401,"message":"Invalid username or password","timestamp":"2025-12-06T17:06:21.8399493"}
	at java.base/java.util.concurrent.CompletableFuture.encodeThrowable(CompletableFuture.java:315)
	at java.base/java.util.concurrent.CompletableFuture.completeThrowable(CompletableFuture.java:320)
	at java.base/java.util.concurrent.CompletableFuture$UniApply.tryFire(CompletableFuture.java:649)
	at java.base/java.util.concurrent.CompletableFuture.postComplete(CompletableFuture.java:510)
	at java.base/java.util.concurrent.CompletableFuture.postFire(CompletableFuture.java:614)
	at java.base/java.util.concurrent.CompletableFuture$UniWhenComplete.tryFire(CompletableFuture.java:844)
	at java.base/java.util.concurrent.CompletableFuture$Completion.exec(CompletableFuture.java:483)
	at java.base/java.util.concurrent.ForkJoinTask.doExec(ForkJoinTask.java:387)
	at java.base/java.util.concurrent.ForkJoinPool$WorkQueue.topLevelExec(ForkJoinPool.java:1310)
	at java.base/java.util.concurrent.ForkJoinPool.scan(ForkJoinPool.java:1841)
	at java.base/java.util.concurrent.ForkJoinPool.runWorker(ForkJoinPool.java:1806)
	at java.base/java.util.concurrent.ForkJoinWorkerThread.run(ForkJoinWorkerThread.java:188)
Caused by: java.lang.RuntimeException: Request failed: {"status":401,"message":"Invalid username or password","timestamp":"2025-12-06T17:06:21.8399493"}
	at com.sep3.client.service.HttpClientService.lambda$sendRequest$2(HttpClientService.java:139)
	at java.base/java.util.concurrent.CompletableFuture$UniApply.tryFire(CompletableFuture.java:646)
	... 9 common frames omitted
2025-12-06 17:06:21 [JavaFX Application Thread] DEBUG c.s.client.view.LoginViewController - Login button clicked
2025-12-06 17:06:21 [JavaFX Application Thread] INFO  c.s.client.viewmodel.LoginViewModel - Attempting login for user: admin
2025-12-06 17:06:21 [JavaFX Application Thread] INFO  com.sep3.client.service.AuthService - Attempting login for user: admin
2025-12-06 17:06:21 [JavaFX Application Thread] DEBUG c.s.client.service.HttpClientService - Sending POST request to: http://localhost:8080/api/auth/login
2025-12-06 17:06:22 [ForkJoinPool.commonPool-worker-1] DEBUG c.s.client.service.HttpClientService - Response status: 401
2025-12-06 17:06:22 [ForkJoinPool.commonPool-worker-1] ERROR c.s.client.service.HttpClientService - Request failed: 401 - {"status":401,"message":"Invalid username or password","timestamp":"2025-12-06T17:06:22.0748729"}
2025-12-06 17:06:22 [JavaFX Application Thread] ERROR c.s.client.viewmodel.LoginViewModel - Login failed
java.util.concurrent.CompletionException: java.lang.RuntimeException: Request failed: {"status":401,"message":"Invalid username or password","timestamp":"2025-12-06T17:06:22.0748729"}
	at java.base/java.util.concurrent.CompletableFuture.encodeThrowable(CompletableFuture.java:315)
	at java.base/java.util.concurrent.CompletableFuture.completeThrowable(CompletableFuture.java:320)
	at java.base/java.util.concurrent.CompletableFuture$UniApply.tryFire(CompletableFuture.java:649)
	at java.base/java.util.concurrent.CompletableFuture.postComplete(CompletableFuture.java:510)
	at java.base/java.util.concurrent.CompletableFuture.postFire(CompletableFuture.java:614)
	at java.base/java.util.concurrent.CompletableFuture$UniWhenComplete.tryFire(CompletableFuture.java:844)
	at java.base/java.util.concurrent.CompletableFuture$Completion.exec(CompletableFuture.java:483)
	at java.base/java.util.concurrent.ForkJoinTask.doExec(ForkJoinTask.java:387)
	at java.base/java.util.concurrent.ForkJoinPool$WorkQueue.topLevelExec(ForkJoinPool.java:1310)
	at java.base/java.util.concurrent.ForkJoinPool.scan(ForkJoinPool.java:1841)
	at java.base/java.util.concurrent.ForkJoinPool.runWorker(ForkJoinPool.java:1806)
	at java.base/java.util.concurrent.ForkJoinWorkerThread.run(ForkJoinWorkerThread.java:188)
Caused by: java.lang.RuntimeException: Request failed: {"status":401,"message":"Invalid username or password","timestamp":"2025-12-06T17:06:22.0748729"}
	at com.sep3.client.service.HttpClientService.lambda$sendRequest$2(HttpClientService.java:139)
	at java.base/java.util.concurrent.CompletableFuture$UniApply.tryFire(CompletableFuture.java:646)
	... 9 common frames omitted
2025-12-06 17:06:22 [JavaFX Application Thread] DEBUG c.s.client.view.LoginViewController - Login button clicked
2025-12-06 17:06:22 [JavaFX Application Thread] INFO  c.s.client.viewmodel.LoginViewModel - Attempting login for user: admin
2025-12-06 17:06:22 [JavaFX Application Thread] INFO  com.sep3.client.service.AuthService - Attempting login for user: admin
2025-12-06 17:06:22 [JavaFX Application Thread] DEBUG c.s.client.service.HttpClientService - Sending POST request to: http://localhost:8080/api/auth/login
2025-12-06 17:06:22 [ForkJoinPool.commonPool-worker-1] DEBUG c.s.client.service.HttpClientService - Response status: 401
2025-12-06 17:06:22 [ForkJoinPool.commonPool-worker-1] ERROR c.s.client.service.HttpClientService - Request failed: 401 - {"status":401,"message":"Invalid username or password","timestamp":"2025-12-06T17:06:22.2923677"}
2025-12-06 17:06:22 [JavaFX Application Thread] ERROR c.s.client.viewmodel.LoginViewModel - Login failed
java.util.concurrent.CompletionException: java.lang.RuntimeException: Request failed: {"status":401,"message":"Invalid username or password","timestamp":"2025-12-06T17:06:22.2923677"}
	at java.base/java.util.concurrent.CompletableFuture.encodeThrowable(CompletableFuture.java:315)
	at java.base/java.util.concurrent.CompletableFuture.completeThrowable(CompletableFuture.java:320)
	at java.base/java.util.concurrent.CompletableFuture$UniApply.tryFire(CompletableFuture.java:649)
	at java.base/java.util.concurrent.CompletableFuture.postComplete(CompletableFuture.java:510)
	at java.base/java.util.concurrent.CompletableFuture.postFire(CompletableFuture.java:614)
	at java.base/java.util.concurrent.CompletableFuture$UniWhenComplete.tryFire(CompletableFuture.java:844)
	at java.base/java.util.concurrent.CompletableFuture$Completion.exec(CompletableFuture.java:483)
	at java.base/java.util.concurrent.ForkJoinTask.doExec(ForkJoinTask.java:387)
	at java.base/java.util.concurrent.ForkJoinPool$WorkQueue.topLevelExec(ForkJoinPool.java:1310)
	at java.base/java.util.concurrent.ForkJoinPool.scan(ForkJoinPool.java:1841)
	at java.base/java.util.concurrent.ForkJoinPool.runWorker(ForkJoinPool.java:1806)
	at java.base/java.util.concurrent.ForkJoinWorkerThread.run(ForkJoinWorkerThread.java:188)
Caused by: java.lang.RuntimeException: Request failed: {"status":401,"message":"Invalid username or password","timestamp":"2025-12-06T17:06:22.2923677"}
	at com.sep3.client.service.HttpClientService.lambda$sendRequest$2(HttpClientService.java:139)
	at java.base/java.util.concurrent.CompletableFuture$UniApply.tryFire(CompletableFuture.java:646)
	... 9 common frames omitted
2025-12-06 17:06:22 [JavaFX Application Thread] DEBUG c.s.client.view.LoginViewController - Login button clicked
2025-12-06 17:06:22 [JavaFX Application Thread] INFO  c.s.client.viewmodel.LoginViewModel - Attempting login for user: admin
2025-12-06 17:06:22 [JavaFX Application Thread] INFO  com.sep3.client.service.AuthService - Attempting login for user: admin
2025-12-06 17:06:22 [JavaFX Application Thread] DEBUG c.s.client.service.HttpClientService - Sending POST request to: http://localhost:8080/api/auth/login
2025-12-06 17:06:22 [ForkJoinPool.commonPool-worker-1] DEBUG c.s.client.service.HttpClientService - Response status: 401
2025-12-06 17:06:22 [ForkJoinPool.commonPool-worker-1] ERROR c.s.client.service.HttpClientService - Request failed: 401 - {"status":401,"message":"Invalid username or password","timestamp":"2025-12-06T17:06:22.6782446"}
2025-12-06 17:06:22 [JavaFX Application Thread] ERROR c.s.client.viewmodel.LoginViewModel - Login failed
java.util.concurrent.CompletionException: java.lang.RuntimeException: Request failed: {"status":401,"message":"Invalid username or password","timestamp":"2025-12-06T17:06:22.6782446"}
	at java.base/java.util.concurrent.CompletableFuture.encodeThrowable(CompletableFuture.java:315)
	at java.base/java.util.concurrent.CompletableFuture.completeThrowable(CompletableFuture.java:320)
	at java.base/java.util.concurrent.CompletableFuture$UniApply.tryFire(CompletableFuture.java:649)
	at java.base/java.util.concurrent.CompletableFuture.postComplete(CompletableFuture.java:510)
	at java.base/java.util.concurrent.CompletableFuture.postFire(CompletableFuture.java:614)
	at java.base/java.util.concurrent.CompletableFuture$UniWhenComplete.tryFire(CompletableFuture.java:844)
	at java.base/java.util.concurrent.CompletableFuture$Completion.exec(CompletableFuture.java:483)
	at java.base/java.util.concurrent.ForkJoinTask.doExec(ForkJoinTask.java:387)
	at java.base/java.util.concurrent.ForkJoinPool$WorkQueue.topLevelExec(ForkJoinPool.java:1310)
	at java.base/java.util.concurrent.ForkJoinPool.scan(ForkJoinPool.java:1841)
	at java.base/java.util.concurrent.ForkJoinPool.runWorker(ForkJoinPool.java:1806)
	at java.base/java.util.concurrent.ForkJoinWorkerThread.run(ForkJoinWorkerThread.java:188)
Caused by: java.lang.RuntimeException: Request failed: {"status":401,"message":"Invalid username or password","timestamp":"2025-12-06T17:06:22.6782446"}
	at com.sep3.client.service.HttpClientService.lambda$sendRequest$2(HttpClientService.java:139)
	at java.base/java.util.concurrent.CompletableFuture$UniApply.tryFire(CompletableFuture.java:646)
	... 9 common frames omitted
2025-12-06 17:06:22 [JavaFX Application Thread] DEBUG c.s.client.view.LoginViewController - Login button clicked
2025-12-06 17:06:22 [JavaFX Application Thread] INFO  c.s.client.viewmodel.LoginViewModel - Attempting login for user: admin
2025-12-06 17:06:22 [JavaFX Application Thread] INFO  com.sep3.client.service.AuthService - Attempting login for user: admin
2025-12-06 17:06:22 [JavaFX Application Thread] DEBUG c.s.client.service.HttpClientService - Sending POST request to: http://localhost:8080/api/auth/login
2025-12-06 17:06:22 [ForkJoinPool.commonPool-worker-1] DEBUG c.s.client.service.HttpClientService - Response status: 401
2025-12-06 17:06:22 [ForkJoinPool.commonPool-worker-1] ERROR c.s.client.service.HttpClientService - Request failed: 401 - {"status":401,"message":"Invalid username or password","timestamp":"2025-12-06T17:06:22.8951738"}
2025-12-06 17:06:22 [JavaFX Application Thread] ERROR c.s.client.viewmodel.LoginViewModel - Login failed
java.util.concurrent.CompletionException: java.lang.RuntimeException: Request failed: {"status":401,"message":"Invalid username or password","timestamp":"2025-12-06T17:06:22.8951738"}
	at java.base/java.util.concurrent.CompletableFuture.encodeThrowable(CompletableFuture.java:315)
	at java.base/java.util.concurrent.CompletableFuture.completeThrowable(CompletableFuture.java:320)
	at java.base/java.util.concurrent.CompletableFuture$UniApply.tryFire(CompletableFuture.java:649)
	at java.base/java.util.concurrent.CompletableFuture.postComplete(CompletableFuture.java:510)
	at java.base/java.util.concurrent.CompletableFuture.postFire(CompletableFuture.java:614)
	at java.base/java.util.concurrent.CompletableFuture$UniWhenComplete.tryFire(CompletableFuture.java:844)
	at java.base/java.util.concurrent.CompletableFuture$Completion.exec(CompletableFuture.java:483)
	at java.base/java.util.concurrent.ForkJoinTask.doExec(ForkJoinTask.java:387)
	at java.base/java.util.concurrent.ForkJoinPool$WorkQueue.topLevelExec(ForkJoinPool.java:1310)
	at java.base/java.util.concurrent.ForkJoinPool.scan(ForkJoinPool.java:1841)
	at java.base/java.util.concurrent.ForkJoinPool.runWorker(ForkJoinPool.java:1806)
	at java.base/java.util.concurrent.ForkJoinWorkerThread.run(ForkJoinWorkerThread.java:188)
Caused by: java.lang.RuntimeException: Request failed: {"status":401,"message":"Invalid username or password","timestamp":"2025-12-06T17:06:22.8951738"}
	at com.sep3.client.service.HttpClientService.lambda$sendRequest$2(HttpClientService.java:139)
	at java.base/java.util.concurrent.CompletableFuture$UniApply.tryFire(CompletableFuture.java:646)
	... 9 common frames omitted
2025-12-06 17:06:23 [JavaFX Application Thread] DEBUG c.s.client.view.LoginViewController - Login button clicked
2025-12-06 17:06:23 [JavaFX Application Thread] INFO  c.s.client.viewmodel.LoginViewModel - Attempting login for user: admin
2025-12-06 17:06:23 [JavaFX Application Thread] INFO  com.sep3.client.service.AuthService - Attempting login for user: admin
2025-12-06 17:06:23 [JavaFX Application Thread] DEBUG c.s.client.service.HttpClientService - Sending POST request to: http://localhost:8080/api/auth/login
2025-12-06 17:06:23 [ForkJoinPool.commonPool-worker-1] DEBUG c.s.client.service.HttpClientService - Response status: 401
2025-12-06 17:06:23 [ForkJoinPool.commonPool-worker-1] ERROR c.s.client.service.HttpClientService - Request failed: 401 - {"status":401,"message":"Invalid username or password","timestamp":"2025-12-06T17:06:23.2910473"}
2025-12-06 17:06:23 [JavaFX Application Thread] ERROR c.s.client.viewmodel.LoginViewModel - Login failed
java.util.concurrent.CompletionException: java.lang.RuntimeException: Request failed: {"status":401,"message":"Invalid username or password","timestamp":"2025-12-06T17:06:23.2910473"}
	at java.base/java.util.concurrent.CompletableFuture.encodeThrowable(CompletableFuture.java:315)
	at java.base/java.util.concurrent.CompletableFuture.completeThrowable(CompletableFuture.java:320)
	at java.base/java.util.concurrent.CompletableFuture$UniApply.tryFire(CompletableFuture.java:649)
	at java.base/java.util.concurrent.CompletableFuture.postComplete(CompletableFuture.java:510)
	at java.base/java.util.concurrent.CompletableFuture.postFire(CompletableFuture.java:614)
	at java.base/java.util.concurrent.CompletableFuture$UniWhenComplete.tryFire(CompletableFuture.java:844)
	at java.base/java.util.concurrent.CompletableFuture$Completion.exec(CompletableFuture.java:483)
	at java.base/java.util.concurrent.ForkJoinTask.doExec(ForkJoinTask.java:387)
	at java.base/java.util.concurrent.ForkJoinPool$WorkQueue.topLevelExec(ForkJoinPool.java:1310)
	at java.base/java.util.concurrent.ForkJoinPool.scan(ForkJoinPool.java:1841)
	at java.base/java.util.concurrent.ForkJoinPool.runWorker(ForkJoinPool.java:1806)
	at java.base/java.util.concurrent.ForkJoinWorkerThread.run(ForkJoinWorkerThread.java:188)
Caused by: java.lang.RuntimeException: Request failed: {"status":401,"message":"Invalid username or password","timestamp":"2025-12-06T17:06:23.2910473"}
	at com.sep3.client.service.HttpClientService.lambda$sendRequest$2(HttpClientService.java:139)
	at java.base/java.util.concurrent.CompletableFuture$UniApply.tryFire(CompletableFuture.java:646)
	... 9 common frames omitted
2025-12-06 17:06:23 [JavaFX Application Thread] DEBUG c.s.client.view.LoginViewController - Login button clicked
2025-12-06 17:06:23 [JavaFX Application Thread] INFO  c.s.client.viewmodel.LoginViewModel - Attempting login for user: admin
2025-12-06 17:06:23 [JavaFX Application Thread] INFO  com.sep3.client.service.AuthService - Attempting login for user: admin
2025-12-06 17:06:23 [JavaFX Application Thread] DEBUG c.s.client.service.HttpClientService - Sending POST request to: http://localhost:8080/api/auth/login
2025-12-06 17:06:23 [ForkJoinPool.commonPool-worker-1] DEBUG c.s.client.service.HttpClientService - Response status: 401
2025-12-06 17:06:23 [ForkJoinPool.commonPool-worker-1] ERROR c.s.client.service.HttpClientService - Request failed: 401 - {"status":401,"message":"Invalid username or password","timestamp":"2025-12-06T17:06:23.8860476"}
2025-12-06 17:06:23 [JavaFX Application Thread] ERROR c.s.client.viewmodel.LoginViewModel - Login failed
java.util.concurrent.CompletionException: java.lang.RuntimeException: Request failed: {"status":401,"message":"Invalid username or password","timestamp":"2025-12-06T17:06:23.8860476"}
	at java.base/java.util.concurrent.CompletableFuture.encodeThrowable(CompletableFuture.java:315)
	at java.base/java.util.concurrent.CompletableFuture.completeThrowable(CompletableFuture.java:320)
	at java.base/java.util.concurrent.CompletableFuture$UniApply.tryFire(CompletableFuture.java:649)
	at java.base/java.util.concurrent.CompletableFuture.postComplete(CompletableFuture.java:510)
	at java.base/java.util.concurrent.CompletableFuture.postFire(CompletableFuture.java:614)
	at java.base/java.util.concurrent.CompletableFuture$UniWhenComplete.tryFire(CompletableFuture.java:844)
	at java.base/java.util.concurrent.CompletableFuture$Completion.exec(CompletableFuture.java:483)
	at java.base/java.util.concurrent.ForkJoinTask.doExec(ForkJoinTask.java:387)
	at java.base/java.util.concurrent.ForkJoinPool$WorkQueue.topLevelExec(ForkJoinPool.java:1310)
	at java.base/java.util.concurrent.ForkJoinPool.scan(ForkJoinPool.java:1841)
	at java.base/java.util.concurrent.ForkJoinPool.runWorker(ForkJoinPool.java:1806)
	at java.base/java.util.concurrent.ForkJoinWorkerThread.run(ForkJoinWorkerThread.java:188)
Caused by: java.lang.RuntimeException: Request failed: {"status":401,"message":"Invalid username or password","timestamp":"2025-12-06T17:06:23.8860476"}
	at com.sep3.client.service.HttpClientService.lambda$sendRequest$2(HttpClientService.java:139)
	at java.base/java.util.concurrent.CompletableFuture$UniApply.tryFire(CompletableFuture.java:646)
	... 9 common frames omitted
2025-12-06 17:06:23 [JavaFX Application Thread] DEBUG c.s.client.view.LoginViewController - Login button clicked
2025-12-06 17:06:23 [JavaFX Application Thread] INFO  c.s.client.viewmodel.LoginViewModel - Attempting login for user: admin
2025-12-06 17:06:23 [JavaFX Application Thread] INFO  com.sep3.client.service.AuthService - Attempting login for user: admin
2025-12-06 17:06:23 [JavaFX Application Thread] DEBUG c.s.client.service.HttpClientService - Sending POST request to: http://localhost:8080/api/auth/login
2025-12-06 17:06:24 [ForkJoinPool.commonPool-worker-1] DEBUG c.s.client.service.HttpClientService - Response status: 401
2025-12-06 17:06:24 [ForkJoinPool.commonPool-worker-1] ERROR c.s.client.service.HttpClientService - Request failed: 401 - {"status":401,"message":"Invalid username or password","timestamp":"2025-12-06T17:06:24.0999795"}
2025-12-06 17:06:24 [JavaFX Application Thread] ERROR c.s.client.viewmodel.LoginViewModel - Login failed
java.util.concurrent.CompletionException: java.lang.RuntimeException: Request failed: {"status":401,"message":"Invalid username or password","timestamp":"2025-12-06T17:06:24.0999795"}
	at java.base/java.util.concurrent.CompletableFuture.encodeThrowable(CompletableFuture.java:315)
	at java.base/java.util.concurrent.CompletableFuture.completeThrowable(CompletableFuture.java:320)
	at java.base/java.util.concurrent.CompletableFuture$UniApply.tryFire(CompletableFuture.java:649)
	at java.base/java.util.concurrent.CompletableFuture.postComplete(CompletableFuture.java:510)
	at java.base/java.util.concurrent.CompletableFuture.postFire(CompletableFuture.java:614)
	at java.base/java.util.concurrent.CompletableFuture$UniWhenComplete.tryFire(CompletableFuture.java:844)
	at java.base/java.util.concurrent.CompletableFuture$Completion.exec(CompletableFuture.java:483)
	at java.base/java.util.concurrent.ForkJoinTask.doExec(ForkJoinTask.java:387)
	at java.base/java.util.concurrent.ForkJoinPool$WorkQueue.topLevelExec(ForkJoinPool.java:1310)
	at java.base/java.util.concurrent.ForkJoinPool.scan(ForkJoinPool.java:1841)
	at java.base/java.util.concurrent.ForkJoinPool.runWorker(ForkJoinPool.java:1806)
	at java.base/java.util.concurrent.ForkJoinWorkerThread.run(ForkJoinWorkerThread.java:188)
Caused by: java.lang.RuntimeException: Request failed: {"status":401,"message":"Invalid username or password","timestamp":"2025-12-06T17:06:24.0999795"}
	at com.sep3.client.service.HttpClientService.lambda$sendRequest$2(HttpClientService.java:139)
	at java.base/java.util.concurrent.CompletableFuture$UniApply.tryFire(CompletableFuture.java:646)
	... 9 common frames omitted
2025-12-06 17:06:24 [JavaFX Application Thread] DEBUG c.s.client.view.LoginViewController - Login button clicked
2025-12-06 17:06:24 [JavaFX Application Thread] INFO  c.s.client.viewmodel.LoginViewModel - Attempting login for user: admin
2025-12-06 17:06:24 [JavaFX Application Thread] INFO  com.sep3.client.service.AuthService - Attempting login for user: admin
2025-12-06 17:06:24 [JavaFX Application Thread] DEBUG c.s.client.service.HttpClientService - Sending POST request to: http://localhost:8080/api/auth/login
2025-12-06 17:06:24 [ForkJoinPool.commonPool-worker-1] DEBUG c.s.client.service.HttpClientService - Response status: 401
2025-12-06 17:06:24 [ForkJoinPool.commonPool-worker-1] ERROR c.s.client.service.HttpClientService - Request failed: 401 - {"status":401,"message":"Invalid username or password","timestamp":"2025-12-06T17:06:24.4823835"}
2025-12-06 17:06:24 [JavaFX Application Thread] ERROR c.s.client.viewmodel.LoginViewModel - Login failed
java.util.concurrent.CompletionException: java.lang.RuntimeException: Request failed: {"status":401,"message":"Invalid username or password","timestamp":"2025-12-06T17:06:24.4823835"}
	at java.base/java.util.concurrent.CompletableFuture.encodeThrowable(CompletableFuture.java:315)
	at java.base/java.util.concurrent.CompletableFuture.completeThrowable(CompletableFuture.java:320)
	at java.base/java.util.concurrent.CompletableFuture$UniApply.tryFire(CompletableFuture.java:649)
	at java.base/java.util.concurrent.CompletableFuture.postComplete(CompletableFuture.java:510)
	at java.base/java.util.concurrent.CompletableFuture.postFire(CompletableFuture.java:614)
	at java.base/java.util.concurrent.CompletableFuture$UniWhenComplete.tryFire(CompletableFuture.java:844)
	at java.base/java.util.concurrent.CompletableFuture$Completion.exec(CompletableFuture.java:483)
	at java.base/java.util.concurrent.ForkJoinTask.doExec(ForkJoinTask.java:387)
	at java.base/java.util.concurrent.ForkJoinPool$WorkQueue.topLevelExec(ForkJoinPool.java:1310)
	at java.base/java.util.concurrent.ForkJoinPool.scan(ForkJoinPool.java:1841)
	at java.base/java.util.concurrent.ForkJoinPool.runWorker(ForkJoinPool.java:1806)
	at java.base/java.util.concurrent.ForkJoinWorkerThread.run(ForkJoinWorkerThread.java:188)
Caused by: java.lang.RuntimeException: Request failed: {"status":401,"message":"Invalid username or password","timestamp":"2025-12-06T17:06:24.4823835"}
	at com.sep3.client.service.HttpClientService.lambda$sendRequest$2(HttpClientService.java:139)
	at java.base/java.util.concurrent.CompletableFuture$UniApply.tryFire(CompletableFuture.java:646)
	... 9 common frames omitted
2025-12-06 17:06:27 [JavaFX Application Thread] INFO  com.sep3.client.WarehouseClientApp - Shutting down Warehouse Client Application
2025-12-06 17:06:34 [main] INFO  com.sep3.client.WarehouseClientApp - Launching Warehouse Client
2025-12-06 17:06:34 [JavaFX Application Thread] INFO  com.sep3.client.WarehouseClientApp - Starting Warehouse Client Application
2025-12-06 17:06:34 [JavaFX Application Thread] INFO  com.sep3.client.view.ViewHandler - Opening login view
2025-12-06 17:06:34 [JavaFX Application Thread] DEBUG c.s.client.view.LoginViewController - Login view controller initialized
2025-12-06 17:06:35 [JavaFX Application Thread] INFO  com.sep3.client.WarehouseClientApp - Application started successfully
2025-12-06 17:06:40 [JavaFX Application Thread] DEBUG c.s.client.view.LoginViewController - Login button clicked
2025-12-06 17:06:40 [JavaFX Application Thread] INFO  c.s.client.viewmodel.LoginViewModel - Attempting login for user: admin
2025-12-06 17:06:40 [JavaFX Application Thread] INFO  com.sep3.client.service.AuthService - Attempting login for user: admin
2025-12-06 17:06:40 [JavaFX Application Thread] DEBUG c.s.client.service.HttpClientService - Sending POST request to: http://localhost:8080/api/auth/login
2025-12-06 17:06:40 [ForkJoinPool.commonPool-worker-1] DEBUG c.s.client.service.HttpClientService - Response status: 401
2025-12-06 17:06:40 [ForkJoinPool.commonPool-worker-1] ERROR c.s.client.service.HttpClientService - Request failed: 401 - {"status":401,"message":"Invalid username or password","timestamp":"2025-12-06T17:06:40.4132181"}
2025-12-06 17:06:40 [JavaFX Application Thread] ERROR c.s.client.viewmodel.LoginViewModel - Login failed
java.util.concurrent.CompletionException: java.lang.RuntimeException: Request failed: {"status":401,"message":"Invalid username or password","timestamp":"2025-12-06T17:06:40.4132181"}
	at java.base/java.util.concurrent.CompletableFuture.encodeThrowable(CompletableFuture.java:315)
	at java.base/java.util.concurrent.CompletableFuture.completeThrowable(CompletableFuture.java:320)
	at java.base/java.util.concurrent.CompletableFuture$UniApply.tryFire(CompletableFuture.java:649)
	at java.base/java.util.concurrent.CompletableFuture.postComplete(CompletableFuture.java:510)
	at java.base/java.util.concurrent.CompletableFuture.postFire(CompletableFuture.java:614)
	at java.base/java.util.concurrent.CompletableFuture$UniWhenComplete.tryFire(CompletableFuture.java:844)
	at java.base/java.util.concurrent.CompletableFuture$Completion.exec(CompletableFuture.java:483)
	at java.base/java.util.concurrent.ForkJoinTask.doExec(ForkJoinTask.java:387)
	at java.base/java.util.concurrent.ForkJoinPool$WorkQueue.topLevelExec(ForkJoinPool.java:1310)
	at java.base/java.util.concurrent.ForkJoinPool.scan(ForkJoinPool.java:1841)
	at java.base/java.util.concurrent.ForkJoinPool.runWorker(ForkJoinPool.java:1806)
	at java.base/java.util.concurrent.ForkJoinWorkerThread.run(ForkJoinWorkerThread.java:188)
Caused by: java.lang.RuntimeException: Request failed: {"status":401,"message":"Invalid username or password","timestamp":"2025-12-06T17:06:40.4132181"}
	at com.sep3.client.service.HttpClientService.lambda$sendRequest$2(HttpClientService.java:139)
	at java.base/java.util.concurrent.CompletableFuture$UniApply.tryFire(CompletableFuture.java:646)
	... 9 common frames omitted
2025-12-06 17:06:41 [JavaFX Application Thread] INFO  com.sep3.client.WarehouseClientApp - Shutting down Warehouse Client Application
2025-12-06 17:07:35 [main] INFO  com.sep3.client.WarehouseClientApp - Launching Warehouse Client
2025-12-06 17:07:35 [JavaFX Application Thread] INFO  com.sep3.client.WarehouseClientApp - Starting Warehouse Client Application
2025-12-06 17:07:35 [JavaFX Application Thread] INFO  com.sep3.client.view.ViewHandler - Opening login view
2025-12-06 17:07:35 [JavaFX Application Thread] DEBUG c.s.client.view.LoginViewController - Login view controller initialized
2025-12-06 17:07:36 [JavaFX Application Thread] INFO  com.sep3.client.WarehouseClientApp - Application started successfully
2025-12-06 17:07:42 [JavaFX Application Thread] DEBUG c.s.client.view.LoginViewController - Login button clicked
2025-12-06 17:07:42 [JavaFX Application Thread] INFO  c.s.client.viewmodel.LoginViewModel - Attempting login for user: admin
2025-12-06 17:07:42 [JavaFX Application Thread] INFO  com.sep3.client.service.AuthService - Attempting login for user: admin
2025-12-06 17:07:42 [JavaFX Application Thread] DEBUG c.s.client.service.HttpClientService - Sending POST request to: http://localhost:8080/api/auth/login
2025-12-06 17:07:42 [JavaFX Application Thread] ERROR c.s.client.viewmodel.LoginViewModel - Login failed
java.util.concurrent.CompletionException: java.net.ConnectException
	at java.base/java.util.concurrent.CompletableFuture.encodeRelay(CompletableFuture.java:368)
	at java.base/java.util.concurrent.CompletableFuture.completeRelay(CompletableFuture.java:377)
	at java.base/java.util.concurrent.CompletableFuture$UniCompose.tryFire(CompletableFuture.java:1152)
	at java.base/java.util.concurrent.CompletableFuture.postComplete(CompletableFuture.java:510)
	at java.base/java.util.concurrent.CompletableFuture$AsyncSupply.run(CompletableFuture.java:1773)
	at java.base/java.util.concurrent.ThreadPoolExecutor.runWorker(ThreadPoolExecutor.java:1144)
	at java.base/java.util.concurrent.ThreadPoolExecutor$Worker.run(ThreadPoolExecutor.java:642)
	at java.base/java.lang.Thread.run(Thread.java:1583)
Caused by: java.net.ConnectException: null
	at java.net.http/jdk.internal.net.http.common.Utils.toConnectException(Utils.java:1065)
	at java.net.http/jdk.internal.net.http.PlainHttpConnection.connectAsync(PlainHttpConnection.java:227)
	at java.net.http/jdk.internal.net.http.PlainHttpConnection.checkRetryConnect(PlainHttpConnection.java:280)
	at java.net.http/jdk.internal.net.http.PlainHttpConnection.lambda$connectAsync$2(PlainHttpConnection.java:238)
	at java.base/java.util.concurrent.CompletableFuture.uniHandle(CompletableFuture.java:934)
	at java.base/java.util.concurrent.CompletableFuture$UniHandle.tryFire(CompletableFuture.java:911)
	... 5 common frames omitted
Caused by: java.nio.channels.ClosedChannelException: null
	at java.base/sun.nio.ch.SocketChannelImpl.ensureOpen(SocketChannelImpl.java:202)
	at java.base/sun.nio.ch.SocketChannelImpl.beginConnect(SocketChannelImpl.java:786)
	at java.base/sun.nio.ch.SocketChannelImpl.connect(SocketChannelImpl.java:874)
	at java.net.http/jdk.internal.net.http.PlainHttpConnection.lambda$connectAsync$1(PlainHttpConnection.java:210)
	at java.base/java.security.AccessController.doPrivileged(AccessController.java:571)
	at java.net.http/jdk.internal.net.http.PlainHttpConnection.connectAsync(PlainHttpConnection.java:212)
	... 9 common frames omitted
2025-12-06 17:07:44 [JavaFX Application Thread] DEBUG c.s.client.view.LoginViewController - Login button clicked
2025-12-06 17:07:44 [JavaFX Application Thread] INFO  c.s.client.viewmodel.LoginViewModel - Attempting login for user: admin
2025-12-06 17:07:44 [JavaFX Application Thread] INFO  com.sep3.client.service.AuthService - Attempting login for user: admin
2025-12-06 17:07:44 [JavaFX Application Thread] DEBUG c.s.client.service.HttpClientService - Sending POST request to: http://localhost:8080/api/auth/login
2025-12-06 17:07:44 [JavaFX Application Thread] ERROR c.s.client.viewmodel.LoginViewModel - Login failed
java.util.concurrent.CompletionException: java.net.ConnectException
	at java.base/java.util.concurrent.CompletableFuture.encodeRelay(CompletableFuture.java:368)
	at java.base/java.util.concurrent.CompletableFuture.completeRelay(CompletableFuture.java:377)
	at java.base/java.util.concurrent.CompletableFuture$UniCompose.tryFire(CompletableFuture.java:1152)
	at java.base/java.util.concurrent.CompletableFuture.postComplete(CompletableFuture.java:510)
	at java.base/java.util.concurrent.CompletableFuture$AsyncSupply.run(CompletableFuture.java:1773)
	at java.base/java.util.concurrent.ThreadPoolExecutor.runWorker(ThreadPoolExecutor.java:1144)
	at java.base/java.util.concurrent.ThreadPoolExecutor$Worker.run(ThreadPoolExecutor.java:642)
	at java.base/java.lang.Thread.run(Thread.java:1583)
Caused by: java.net.ConnectException: null
	at java.net.http/jdk.internal.net.http.common.Utils.toConnectException(Utils.java:1065)
	at java.net.http/jdk.internal.net.http.PlainHttpConnection.connectAsync(PlainHttpConnection.java:227)
	at java.net.http/jdk.internal.net.http.PlainHttpConnection.checkRetryConnect(PlainHttpConnection.java:280)
	at java.net.http/jdk.internal.net.http.PlainHttpConnection.lambda$connectAsync$2(PlainHttpConnection.java:238)
	at java.base/java.util.concurrent.CompletableFuture.uniHandle(CompletableFuture.java:934)
	at java.base/java.util.concurrent.CompletableFuture$UniHandle.tryFire(CompletableFuture.java:911)
	... 5 common frames omitted
Caused by: java.nio.channels.ClosedChannelException: null
	at java.base/sun.nio.ch.SocketChannelImpl.ensureOpen(SocketChannelImpl.java:202)
	at java.base/sun.nio.ch.SocketChannelImpl.beginConnect(SocketChannelImpl.java:786)
	at java.base/sun.nio.ch.SocketChannelImpl.connect(SocketChannelImpl.java:874)
	at java.net.http/jdk.internal.net.http.PlainHttpConnection.lambda$connectAsync$1(PlainHttpConnection.java:210)
	at java.base/java.security.AccessController.doPrivileged(AccessController.java:571)
	at java.net.http/jdk.internal.net.http.PlainHttpConnection.connectAsync(PlainHttpConnection.java:212)
	... 9 common frames omitted
2025-12-06 17:07:44 [JavaFX Application Thread] DEBUG c.s.client.view.LoginViewController - Login button clicked
2025-12-06 17:07:44 [JavaFX Application Thread] INFO  c.s.client.viewmodel.LoginViewModel - Attempting login for user: admin
2025-12-06 17:07:44 [JavaFX Application Thread] INFO  com.sep3.client.service.AuthService - Attempting login for user: admin
2025-12-06 17:07:44 [JavaFX Application Thread] DEBUG c.s.client.service.HttpClientService - Sending POST request to: http://localhost:8080/api/auth/login
2025-12-06 17:07:44 [JavaFX Application Thread] ERROR c.s.client.viewmodel.LoginViewModel - Login failed
java.util.concurrent.CompletionException: java.net.ConnectException
	at java.base/java.util.concurrent.CompletableFuture.encodeRelay(CompletableFuture.java:368)
	at java.base/java.util.concurrent.CompletableFuture.completeRelay(CompletableFuture.java:377)
	at java.base/java.util.concurrent.CompletableFuture$UniCompose.tryFire(CompletableFuture.java:1152)
	at java.base/java.util.concurrent.CompletableFuture.postComplete(CompletableFuture.java:510)
	at java.base/java.util.concurrent.CompletableFuture$AsyncSupply.run(CompletableFuture.java:1773)
	at java.base/java.util.concurrent.ThreadPoolExecutor.runWorker(ThreadPoolExecutor.java:1144)
	at java.base/java.util.concurrent.ThreadPoolExecutor$Worker.run(ThreadPoolExecutor.java:642)
	at java.base/java.lang.Thread.run(Thread.java:1583)
Caused by: java.net.ConnectException: null
	at java.net.http/jdk.internal.net.http.common.Utils.toConnectException(Utils.java:1065)
	at java.net.http/jdk.internal.net.http.PlainHttpConnection.connectAsync(PlainHttpConnection.java:227)
	at java.net.http/jdk.internal.net.http.PlainHttpConnection.checkRetryConnect(PlainHttpConnection.java:280)
	at java.net.http/jdk.internal.net.http.PlainHttpConnection.lambda$connectAsync$2(PlainHttpConnection.java:238)
	at java.base/java.util.concurrent.CompletableFuture.uniHandle(CompletableFuture.java:934)
	at java.base/java.util.concurrent.CompletableFuture$UniHandle.tryFire(CompletableFuture.java:911)
	... 5 common frames omitted
Caused by: java.nio.channels.ClosedChannelException: null
	at java.base/sun.nio.ch.SocketChannelImpl.ensureOpen(SocketChannelImpl.java:202)
	at java.base/sun.nio.ch.SocketChannelImpl.beginConnect(SocketChannelImpl.java:786)
	at java.base/sun.nio.ch.SocketChannelImpl.connect(SocketChannelImpl.java:874)
	at java.net.http/jdk.internal.net.http.PlainHttpConnection.lambda$connectAsync$1(PlainHttpConnection.java:210)
	at java.base/java.security.AccessController.doPrivileged(AccessController.java:571)
	at java.net.http/jdk.internal.net.http.PlainHttpConnection.connectAsync(PlainHttpConnection.java:212)
	... 9 common frames omitted
2025-12-06 17:08:25 [main] INFO  com.sep3.client.WarehouseClientApp - Launching Warehouse Client
2025-12-06 17:08:25 [JavaFX Application Thread] INFO  com.sep3.client.WarehouseClientApp - Starting Warehouse Client Application
2025-12-06 17:08:25 [JavaFX Application Thread] INFO  com.sep3.client.view.ViewHandler - Opening login view
2025-12-06 17:08:25 [JavaFX Application Thread] DEBUG c.s.client.view.LoginViewController - Login view controller initialized
2025-12-06 17:08:25 [JavaFX Application Thread] INFO  com.sep3.client.WarehouseClientApp - Application started successfully
2025-12-06 17:08:37 [JavaFX Application Thread] DEBUG c.s.client.view.LoginViewController - Login button clicked
2025-12-06 17:08:37 [JavaFX Application Thread] INFO  c.s.client.viewmodel.LoginViewModel - Attempting login for user: admin
2025-12-06 17:08:37 [JavaFX Application Thread] INFO  com.sep3.client.service.AuthService - Attempting login for user: admin
2025-12-06 17:08:37 [JavaFX Application Thread] DEBUG c.s.client.service.HttpClientService - Sending POST request to: http://localhost:8080/api/auth/login
2025-12-06 17:08:37 [JavaFX Application Thread] ERROR c.s.client.viewmodel.LoginViewModel - Login failed
java.util.concurrent.CompletionException: java.net.ConnectException
	at java.base/java.util.concurrent.CompletableFuture.encodeRelay(CompletableFuture.java:368)
	at java.base/java.util.concurrent.CompletableFuture.completeRelay(CompletableFuture.java:377)
	at java.base/java.util.concurrent.CompletableFuture$UniCompose.tryFire(CompletableFuture.java:1152)
	at java.base/java.util.concurrent.CompletableFuture.postComplete(CompletableFuture.java:510)
	at java.base/java.util.concurrent.CompletableFuture$AsyncSupply.run(CompletableFuture.java:1773)
	at java.base/java.util.concurrent.ThreadPoolExecutor.runWorker(ThreadPoolExecutor.java:1144)
	at java.base/java.util.concurrent.ThreadPoolExecutor$Worker.run(ThreadPoolExecutor.java:642)
	at java.base/java.lang.Thread.run(Thread.java:1583)
Caused by: java.net.ConnectException: null
	at java.net.http/jdk.internal.net.http.common.Utils.toConnectException(Utils.java:1065)
	at java.net.http/jdk.internal.net.http.PlainHttpConnection.connectAsync(PlainHttpConnection.java:227)
	at java.net.http/jdk.internal.net.http.PlainHttpConnection.checkRetryConnect(PlainHttpConnection.java:280)
	at java.net.http/jdk.internal.net.http.PlainHttpConnection.lambda$connectAsync$2(PlainHttpConnection.java:238)
	at java.base/java.util.concurrent.CompletableFuture.uniHandle(CompletableFuture.java:934)
	at java.base/java.util.concurrent.CompletableFuture$UniHandle.tryFire(CompletableFuture.java:911)
	... 5 common frames omitted
Caused by: java.nio.channels.ClosedChannelException: null
	at java.base/sun.nio.ch.SocketChannelImpl.ensureOpen(SocketChannelImpl.java:202)
	at java.base/sun.nio.ch.SocketChannelImpl.beginConnect(SocketChannelImpl.java:786)
	at java.base/sun.nio.ch.SocketChannelImpl.connect(SocketChannelImpl.java:874)
	at java.net.http/jdk.internal.net.http.PlainHttpConnection.lambda$connectAsync$1(PlainHttpConnection.java:210)
	at java.base/java.security.AccessController.doPrivileged(AccessController.java:571)
	at java.net.http/jdk.internal.net.http.PlainHttpConnection.connectAsync(PlainHttpConnection.java:212)
	... 9 common frames omitted
2025-12-06 17:09:17 [JavaFX Application Thread] INFO  com.sep3.client.WarehouseClientApp - Shutting down Warehouse Client Application
2025-12-06 17:09:18 [JavaFX Application Thread] INFO  com.sep3.client.WarehouseClientApp - Shutting down Warehouse Client Application
2025-12-06 17:09:48 [main] INFO  com.sep3.client.WarehouseClientApp - Launching Warehouse Client
2025-12-06 17:09:48 [JavaFX Application Thread] INFO  com.sep3.client.WarehouseClientApp - Starting Warehouse Client Application
2025-12-06 17:09:48 [JavaFX Application Thread] INFO  com.sep3.client.view.ViewHandler - Opening login view
2025-12-06 17:09:48 [JavaFX Application Thread] DEBUG c.s.client.view.LoginViewController - Login view controller initialized
2025-12-06 17:09:49 [JavaFX Application Thread] INFO  com.sep3.client.WarehouseClientApp - Application started successfully
2025-12-06 17:11:03 [JavaFX Application Thread] INFO  com.sep3.client.WarehouseClientApp - Shutting down Warehouse Client Application
2025-12-06 17:11:32 [main] INFO  com.sep3.client.WarehouseClientApp - Launching Warehouse Client
2025-12-06 17:11:32 [JavaFX Application Thread] INFO  com.sep3.client.WarehouseClientApp - Starting Warehouse Client Application
2025-12-06 17:11:32 [JavaFX Application Thread] INFO  com.sep3.client.view.ViewHandler - Opening login view
2025-12-06 17:11:32 [JavaFX Application Thread] DEBUG c.s.client.view.LoginViewController - Login view controller initialized
2025-12-06 17:11:33 [JavaFX Application Thread] INFO  com.sep3.client.WarehouseClientApp - Application started successfully
2025-12-06 17:11:44 [JavaFX Application Thread] DEBUG c.s.client.view.LoginViewController - Login button clicked
2025-12-06 17:11:44 [JavaFX Application Thread] INFO  c.s.client.viewmodel.LoginViewModel - Attempting login for user: admin
2025-12-06 17:11:44 [JavaFX Application Thread] INFO  com.sep3.client.service.AuthService - Attempting login for user: admin
2025-12-06 17:11:44 [JavaFX Application Thread] DEBUG c.s.client.service.HttpClientService - Sending POST request to: http://localhost:8080/api/auth/login
2025-12-06 17:11:45 [ForkJoinPool.commonPool-worker-1] DEBUG c.s.client.service.HttpClientService - Response status: 401
2025-12-06 17:11:45 [ForkJoinPool.commonPool-worker-1] ERROR c.s.client.service.HttpClientService - Request failed: 401 - {"status":401,"message":"Invalid username or password","timestamp":"2025-12-06T17:11:45.0786596"}
2025-12-06 17:11:45 [JavaFX Application Thread] ERROR c.s.client.viewmodel.LoginViewModel - Login failed
java.util.concurrent.CompletionException: java.lang.RuntimeException: Request failed: {"status":401,"message":"Invalid username or password","timestamp":"2025-12-06T17:11:45.0786596"}
	at java.base/java.util.concurrent.CompletableFuture.encodeThrowable(CompletableFuture.java:315)
	at java.base/java.util.concurrent.CompletableFuture.completeThrowable(CompletableFuture.java:320)
	at java.base/java.util.concurrent.CompletableFuture$UniApply.tryFire(CompletableFuture.java:649)
	at java.base/java.util.concurrent.CompletableFuture.postComplete(CompletableFuture.java:510)
	at java.base/java.util.concurrent.CompletableFuture.postFire(CompletableFuture.java:614)
	at java.base/java.util.concurrent.CompletableFuture$UniWhenComplete.tryFire(CompletableFuture.java:844)
	at java.base/java.util.concurrent.CompletableFuture$Completion.exec(CompletableFuture.java:483)
	at java.base/java.util.concurrent.ForkJoinTask.doExec(ForkJoinTask.java:387)
	at java.base/java.util.concurrent.ForkJoinPool$WorkQueue.topLevelExec(ForkJoinPool.java:1310)
	at java.base/java.util.concurrent.ForkJoinPool.scan(ForkJoinPool.java:1841)
	at java.base/java.util.concurrent.ForkJoinPool.runWorker(ForkJoinPool.java:1806)
	at java.base/java.util.concurrent.ForkJoinWorkerThread.run(ForkJoinWorkerThread.java:188)
Caused by: java.lang.RuntimeException: Request failed: {"status":401,"message":"Invalid username or password","timestamp":"2025-12-06T17:11:45.0786596"}
	at com.sep3.client.service.HttpClientService.lambda$sendRequest$2(HttpClientService.java:139)
	at java.base/java.util.concurrent.CompletableFuture$UniApply.tryFire(CompletableFuture.java:646)
	... 9 common frames omitted
2025-12-06 17:12:31 [JavaFX Application Thread] INFO  com.sep3.client.WarehouseClientApp - Shutting down Warehouse Client Application
2025-12-06 17:13:57 [main] INFO  com.sep3.client.WarehouseClientApp - Launching Warehouse Client
2025-12-06 17:13:57 [JavaFX Application Thread] INFO  com.sep3.client.WarehouseClientApp - Starting Warehouse Client Application
2025-12-06 17:13:57 [JavaFX Application Thread] INFO  com.sep3.client.view.ViewHandler - Opening login view
2025-12-06 17:13:57 [JavaFX Application Thread] DEBUG c.s.client.view.LoginViewController - Login view controller initialized
2025-12-06 17:13:58 [JavaFX Application Thread] INFO  com.sep3.client.WarehouseClientApp - Application started successfully
2025-12-06 17:14:06 [JavaFX Application Thread] DEBUG c.s.client.view.LoginViewController - Login button clicked
2025-12-06 17:14:06 [JavaFX Application Thread] INFO  c.s.client.viewmodel.LoginViewModel - Attempting login for user: admin
2025-12-06 17:14:06 [JavaFX Application Thread] INFO  com.sep3.client.service.AuthService - Attempting login for user: admin
2025-12-06 17:14:06 [JavaFX Application Thread] DEBUG c.s.client.service.HttpClientService - Sending POST request to: http://localhost:8080/api/auth/login
2025-12-06 17:14:07 [ForkJoinPool.commonPool-worker-1] DEBUG c.s.client.service.HttpClientService - Response status: 401
2025-12-06 17:14:07 [ForkJoinPool.commonPool-worker-1] ERROR c.s.client.service.HttpClientService - Request failed: 401 - {"status":401,"message":"Invalid username or password","timestamp":"2025-12-06T17:14:07.4523511"}
2025-12-06 17:14:07 [JavaFX Application Thread] ERROR c.s.client.viewmodel.LoginViewModel - Login failed
java.util.concurrent.CompletionException: java.lang.RuntimeException: Request failed: {"status":401,"message":"Invalid username or password","timestamp":"2025-12-06T17:14:07.4523511"}
	at java.base/java.util.concurrent.CompletableFuture.encodeThrowable(CompletableFuture.java:315)
	at java.base/java.util.concurrent.CompletableFuture.completeThrowable(CompletableFuture.java:320)
	at java.base/java.util.concurrent.CompletableFuture$UniApply.tryFire(CompletableFuture.java:649)
	at java.base/java.util.concurrent.CompletableFuture.postComplete(CompletableFuture.java:510)
	at java.base/java.util.concurrent.CompletableFuture.postFire(CompletableFuture.java:614)
	at java.base/java.util.concurrent.CompletableFuture$UniWhenComplete.tryFire(CompletableFuture.java:844)
	at java.base/java.util.concurrent.CompletableFuture$Completion.exec(CompletableFuture.java:483)
	at java.base/java.util.concurrent.ForkJoinTask.doExec(ForkJoinTask.java:387)
	at java.base/java.util.concurrent.ForkJoinPool$WorkQueue.topLevelExec(ForkJoinPool.java:1310)
	at java.base/java.util.concurrent.ForkJoinPool.scan(ForkJoinPool.java:1841)
	at java.base/java.util.concurrent.ForkJoinPool.runWorker(ForkJoinPool.java:1806)
	at java.base/java.util.concurrent.ForkJoinWorkerThread.run(ForkJoinWorkerThread.java:188)
Caused by: java.lang.RuntimeException: Request failed: {"status":401,"message":"Invalid username or password","timestamp":"2025-12-06T17:14:07.4523511"}
	at com.sep3.client.service.HttpClientService.lambda$sendRequest$2(HttpClientService.java:139)
	at java.base/java.util.concurrent.CompletableFuture$UniApply.tryFire(CompletableFuture.java:646)
	... 9 common frames omitted
2025-12-06 17:58:18 [JavaFX Application Thread] INFO  com.sep3.client.WarehouseClientApp - Shutting down Warehouse Client Application
